<?xml version="1.0" encoding="utf-8"?>
<coverage line-rate="0.5635" branch-rate="0.5937" version="1.9" timestamp="1748100283" lines-covered="346" lines-valid="614" branches-covered="57" branches-valid="96">
  <sources>
    <source>/Users/kj/Desktop/text-analyzer-csharp/file_storing_service/</source>
  </sources>
  <packages>
    <package name="FileStoringService" line-rate="0.5635" branch-rate="0.5937" complexity="131">
      <classes>
        <class name="FileStoringService.Program" filename="Program.cs" line-rate="0" branch-rate="1" complexity="2">
          <methods>
            <method name="Main" signature="(System.String[])" line-rate="0" branch-rate="1" complexity="1">
              <lines>
                <line number="9" hits="0" branch="False" />
                <line number="10" hits="0" branch="False" />
                <line number="11" hits="0" branch="False" />
              </lines>
            </method>
            <method name="CreateHostBuilder" signature="(System.String[])" line-rate="0" branch-rate="1" complexity="1">
              <lines>
                <line number="14" hits="0" branch="False" />
                <line number="15" hits="0" branch="False" />
                <line number="16" hits="0" branch="False" />
                <line number="17" hits="0" branch="False" />
                <line number="18" hits="0" branch="False" />
                <line number="19" hits="0" branch="False" />
              </lines>
            </method>
          </methods>
          <lines>
            <line number="9" hits="0" branch="False" />
            <line number="10" hits="0" branch="False" />
            <line number="11" hits="0" branch="False" />
            <line number="14" hits="0" branch="False" />
            <line number="15" hits="0" branch="False" />
            <line number="16" hits="0" branch="False" />
            <line number="17" hits="0" branch="False" />
            <line number="18" hits="0" branch="False" />
            <line number="19" hits="0" branch="False" />
          </lines>
        </class>
        <class name="FileStoringService.Startup" filename="Startup.cs" line-rate="0" branch-rate="0" complexity="10">
          <methods>
            <method name="get_Configuration" signature="()" line-rate="0" branch-rate="1" complexity="1">
              <lines>
                <line number="42" hits="0" branch="False" />
              </lines>
            </method>
            <method name="ConfigureServices" signature="(Microsoft.Extensions.DependencyInjection.IServiceCollection)" line-rate="0" branch-rate="0" complexity="2">
              <lines>
                <line number="49" hits="0" branch="False" />
                <line number="50" hits="0" branch="False" />
                <line number="51" hits="0" branch="False" />
                <line number="52" hits="0" branch="False" />
                <line number="53" hits="0" branch="False" />
                <line number="54" hits="0" branch="False" />
                <line number="55" hits="0" branch="False" />
                <line number="58" hits="0" branch="False" />
                <line number="61" hits="0" branch="False" />
                <line number="64" hits="0" branch="False" />
                <line number="65" hits="0" branch="False" />
                <line number="66" hits="0" branch="False" />
                <line number="67" hits="0" branch="False" />
                <line number="68" hits="0" branch="False" />
                <line number="69" hits="0" branch="False" />
                <line number="70" hits="0" branch="False" />
                <line number="71" hits="0" branch="False" />
                <line number="72" hits="0" branch="False" />
                <line number="73" hits="0" branch="False" />
                <line number="74" hits="0" branch="False" />
                <line number="75" hits="0" branch="False" />
                <line number="76" hits="0" branch="False" />
                <line number="77" hits="0" branch="False" />
                <line number="78" hits="0" branch="False" />
                <line number="79" hits="0" branch="False" />
                <line number="80" hits="0" branch="False" />
                <line number="81" hits="0" branch="True" condition-coverage="0% (0/2)">
                  <conditions>
                    <condition number="153" type="jump" coverage="0%" />
                  </conditions>
                </line>
                <line number="82" hits="0" branch="False" />
                <line number="83" hits="0" branch="False" />
                <line number="84" hits="0" branch="False" />
                <line number="85" hits="0" branch="False" />
                <line number="88" hits="0" branch="False" />
                <line number="89" hits="0" branch="False" />
                <line number="90" hits="0" branch="False" />
                <line number="91" hits="0" branch="False" />
                <line number="92" hits="0" branch="False" />
                <line number="93" hits="0" branch="False" />
                <line number="94" hits="0" branch="False" />
                <line number="95" hits="0" branch="False" />
                <line number="96" hits="0" branch="False" />
                <line number="97" hits="0" branch="False" />
                <line number="98" hits="0" branch="False" />
                <line number="99" hits="0" branch="False" />
                <line number="100" hits="0" branch="False" />
                <line number="101" hits="0" branch="False" />
                <line number="104" hits="0" branch="False" />
                <line number="105" hits="0" branch="False" />
                <line number="106" hits="0" branch="False" />
                <line number="107" hits="0" branch="False" />
                <line number="108" hits="0" branch="False" />
                <line number="109" hits="0" branch="False" />
                <line number="110" hits="0" branch="False" />
                <line number="111" hits="0" branch="False" />
                <line number="112" hits="0" branch="False" />
                <line number="113" hits="0" branch="False" />
                <line number="114" hits="0" branch="False" />
                <line number="115" hits="0" branch="False" />
                <line number="116" hits="0" branch="False" />
                <line number="117" hits="0" branch="False" />
                <line number="118" hits="0" branch="False" />
                <line number="119" hits="0" branch="False" />
                <line number="122" hits="0" branch="False" />
                <line number="123" hits="0" branch="False" />
                <line number="124" hits="0" branch="False" />
              </lines>
            </method>
            <method name="Configure" signature="(Microsoft.AspNetCore.Builder.IApplicationBuilder,Microsoft.AspNetCore.Hosting.IWebHostEnvironment,Microsoft.Extensions.Logging.ILogger`1&lt;FileStoringService.Startup&gt;)" line-rate="0" branch-rate="0" complexity="4">
              <lines>
                <line number="133" hits="0" branch="False" />
                <line number="134" hits="0" branch="True" condition-coverage="0% (0/2)">
                  <conditions>
                    <condition number="22" type="jump" coverage="0%" />
                  </conditions>
                </line>
                <line number="135" hits="0" branch="False" />
                <line number="136" hits="0" branch="False" />
                <line number="137" hits="0" branch="False" />
                <line number="138" hits="0" branch="False" />
                <line number="140" hits="0" branch="False" />
                <line number="141" hits="0" branch="False" />
                <line number="142" hits="0" branch="False" />
                <line number="143" hits="0" branch="False" />
                <line number="144" hits="0" branch="False" />
                <line number="147" hits="0" branch="False" />
                <line number="148" hits="0" branch="False" />
                <line number="149" hits="0" branch="True" condition-coverage="0% (0/2)">
                  <conditions>
                    <condition number="9" type="jump" coverage="0%" />
                  </conditions>
                </line>
                <line number="150" hits="0" branch="False" />
                <line number="151" hits="0" branch="False" />
                <line number="152" hits="0" branch="False" />
                <line number="153" hits="0" branch="False" />
                <line number="154" hits="0" branch="False" />
                <line number="155" hits="0" branch="False" />
                <line number="156" hits="0" branch="False" />
                <line number="157" hits="0" branch="False" />
                <line number="158" hits="0" branch="False" />
                <line number="159" hits="0" branch="False" />
                <line number="160" hits="0" branch="False" />
                <line number="161" hits="0" branch="False" />
                <line number="164" hits="0" branch="False" />
                <line number="165" hits="0" branch="False" />
                <line number="166" hits="0" branch="False" />
                <line number="167" hits="0" branch="False" />
                <line number="168" hits="0" branch="False" />
                <line number="169" hits="0" branch="False" />
                <line number="170" hits="0" branch="False" />
                <line number="171" hits="0" branch="False" />
                <line number="172" hits="0" branch="False" />
                <line number="173" hits="0" branch="False" />
                <line number="174" hits="0" branch="False" />
                <line number="175" hits="0" branch="False" />
                <line number="177" hits="0" branch="False" />
                <line number="178" hits="0" branch="False" />
                <line number="179" hits="0" branch="False" />
                <line number="180" hits="0" branch="False" />
                <line number="181" hits="0" branch="False" />
                <line number="182" hits="0" branch="False" />
                <line number="183" hits="0" branch="False" />
                <line number="184" hits="0" branch="False" />
                <line number="185" hits="0" branch="False" />
                <line number="187" hits="0" branch="False" />
                <line number="190" hits="0" branch="False" />
                <line number="193" hits="0" branch="False" />
                <line number="195" hits="0" branch="False" />
                <line number="196" hits="0" branch="False" />
                <line number="197" hits="0" branch="False" />
                <line number="198" hits="0" branch="False" />
                <line number="199" hits="0" branch="False" />
                <line number="200" hits="0" branch="False" />
                <line number="201" hits="0" branch="False" />
                <line number="202" hits="0" branch="False" />
                <line number="203" hits="0" branch="False" />
                <line number="204" hits="0" branch="False" />
                <line number="205" hits="0" branch="False" />
                <line number="206" hits="0" branch="False" />
                <line number="207" hits="0" branch="False" />
                <line number="208" hits="0" branch="False" />
                <line number="209" hits="0" branch="False" />
                <line number="210" hits="0" branch="False" />
                <line number="211" hits="0" branch="False" />
                <line number="212" hits="0" branch="False" />
                <line number="213" hits="0" branch="False" />
              </lines>
            </method>
            <method name=".ctor" signature="(Microsoft.Extensions.Configuration.IConfiguration)" line-rate="0" branch-rate="1" complexity="1">
              <lines>
                <line number="34" hits="0" branch="False" />
                <line number="35" hits="0" branch="False" />
                <line number="36" hits="0" branch="False" />
                <line number="37" hits="0" branch="False" />
              </lines>
            </method>
          </methods>
          <lines>
            <line number="42" hits="0" branch="False" />
            <line number="49" hits="0" branch="False" />
            <line number="50" hits="0" branch="False" />
            <line number="51" hits="0" branch="False" />
            <line number="52" hits="0" branch="False" />
            <line number="53" hits="0" branch="False" />
            <line number="54" hits="0" branch="False" />
            <line number="55" hits="0" branch="False" />
            <line number="58" hits="0" branch="False" />
            <line number="61" hits="0" branch="False" />
            <line number="64" hits="0" branch="False" />
            <line number="65" hits="0" branch="False" />
            <line number="66" hits="0" branch="False" />
            <line number="67" hits="0" branch="False" />
            <line number="68" hits="0" branch="False" />
            <line number="69" hits="0" branch="False" />
            <line number="70" hits="0" branch="False" />
            <line number="71" hits="0" branch="False" />
            <line number="72" hits="0" branch="False" />
            <line number="73" hits="0" branch="False" />
            <line number="74" hits="0" branch="False" />
            <line number="75" hits="0" branch="False" />
            <line number="76" hits="0" branch="False" />
            <line number="77" hits="0" branch="False" />
            <line number="78" hits="0" branch="False" />
            <line number="79" hits="0" branch="False" />
            <line number="80" hits="0" branch="False" />
            <line number="81" hits="0" branch="True" condition-coverage="0% (0/2)">
              <conditions>
                <condition number="153" type="jump" coverage="0%" />
              </conditions>
            </line>
            <line number="82" hits="0" branch="False" />
            <line number="83" hits="0" branch="False" />
            <line number="84" hits="0" branch="False" />
            <line number="85" hits="0" branch="False" />
            <line number="88" hits="0" branch="False" />
            <line number="89" hits="0" branch="False" />
            <line number="90" hits="0" branch="False" />
            <line number="91" hits="0" branch="False" />
            <line number="92" hits="0" branch="False" />
            <line number="93" hits="0" branch="False" />
            <line number="94" hits="0" branch="False" />
            <line number="95" hits="0" branch="False" />
            <line number="96" hits="0" branch="False" />
            <line number="97" hits="0" branch="False" />
            <line number="98" hits="0" branch="False" />
            <line number="99" hits="0" branch="False" />
            <line number="100" hits="0" branch="False" />
            <line number="101" hits="0" branch="False" />
            <line number="104" hits="0" branch="False" />
            <line number="105" hits="0" branch="False" />
            <line number="106" hits="0" branch="False" />
            <line number="107" hits="0" branch="False" />
            <line number="108" hits="0" branch="False" />
            <line number="109" hits="0" branch="False" />
            <line number="110" hits="0" branch="False" />
            <line number="111" hits="0" branch="False" />
            <line number="112" hits="0" branch="False" />
            <line number="113" hits="0" branch="False" />
            <line number="114" hits="0" branch="False" />
            <line number="115" hits="0" branch="False" />
            <line number="116" hits="0" branch="False" />
            <line number="117" hits="0" branch="False" />
            <line number="118" hits="0" branch="False" />
            <line number="119" hits="0" branch="False" />
            <line number="122" hits="0" branch="False" />
            <line number="123" hits="0" branch="False" />
            <line number="124" hits="0" branch="False" />
            <line number="133" hits="0" branch="False" />
            <line number="134" hits="0" branch="True" condition-coverage="0% (0/2)">
              <conditions>
                <condition number="22" type="jump" coverage="0%" />
              </conditions>
            </line>
            <line number="135" hits="0" branch="False" />
            <line number="136" hits="0" branch="False" />
            <line number="137" hits="0" branch="False" />
            <line number="138" hits="0" branch="False" />
            <line number="140" hits="0" branch="False" />
            <line number="141" hits="0" branch="False" />
            <line number="142" hits="0" branch="False" />
            <line number="143" hits="0" branch="False" />
            <line number="144" hits="0" branch="False" />
            <line number="147" hits="0" branch="False" />
            <line number="148" hits="0" branch="False" />
            <line number="149" hits="0" branch="True" condition-coverage="0% (0/2)">
              <conditions>
                <condition number="9" type="jump" coverage="0%" />
              </conditions>
            </line>
            <line number="150" hits="0" branch="False" />
            <line number="151" hits="0" branch="False" />
            <line number="152" hits="0" branch="False" />
            <line number="153" hits="0" branch="False" />
            <line number="154" hits="0" branch="False" />
            <line number="155" hits="0" branch="False" />
            <line number="156" hits="0" branch="False" />
            <line number="157" hits="0" branch="False" />
            <line number="158" hits="0" branch="False" />
            <line number="159" hits="0" branch="False" />
            <line number="160" hits="0" branch="False" />
            <line number="161" hits="0" branch="False" />
            <line number="164" hits="0" branch="False" />
            <line number="165" hits="0" branch="False" />
            <line number="166" hits="0" branch="False" />
            <line number="167" hits="0" branch="False" />
            <line number="168" hits="0" branch="False" />
            <line number="169" hits="0" branch="False" />
            <line number="170" hits="0" branch="False" />
            <line number="171" hits="0" branch="False" />
            <line number="172" hits="0" branch="False" />
            <line number="173" hits="0" branch="False" />
            <line number="174" hits="0" branch="False" />
            <line number="175" hits="0" branch="False" />
            <line number="177" hits="0" branch="False" />
            <line number="178" hits="0" branch="False" />
            <line number="179" hits="0" branch="False" />
            <line number="180" hits="0" branch="False" />
            <line number="181" hits="0" branch="False" />
            <line number="182" hits="0" branch="False" />
            <line number="183" hits="0" branch="False" />
            <line number="184" hits="0" branch="False" />
            <line number="185" hits="0" branch="False" />
            <line number="187" hits="0" branch="False" />
            <line number="190" hits="0" branch="False" />
            <line number="193" hits="0" branch="False" />
            <line number="195" hits="0" branch="False" />
            <line number="196" hits="0" branch="False" />
            <line number="197" hits="0" branch="False" />
            <line number="198" hits="0" branch="False" />
            <line number="199" hits="0" branch="False" />
            <line number="200" hits="0" branch="False" />
            <line number="201" hits="0" branch="False" />
            <line number="202" hits="0" branch="False" />
            <line number="203" hits="0" branch="False" />
            <line number="204" hits="0" branch="False" />
            <line number="205" hits="0" branch="False" />
            <line number="206" hits="0" branch="False" />
            <line number="207" hits="0" branch="False" />
            <line number="208" hits="0" branch="False" />
            <line number="209" hits="0" branch="False" />
            <line number="210" hits="0" branch="False" />
            <line number="211" hits="0" branch="False" />
            <line number="212" hits="0" branch="False" />
            <line number="213" hits="0" branch="False" />
            <line number="34" hits="0" branch="False" />
            <line number="35" hits="0" branch="False" />
            <line number="36" hits="0" branch="False" />
            <line number="37" hits="0" branch="False" />
          </lines>
        </class>
        <class name="FileStoringService.Startup/&lt;&gt;c__DisplayClass5_0/&lt;&lt;Configure&gt;b__4&gt;d" filename="Startup.cs" line-rate="1" branch-rate="0" complexity="2">
          <methods />
          <lines />
        </class>
        <class name="FileStoringService.Services.FileService" filename="Services/FileService.cs" line-rate="0.6939" branch-rate="0.625" complexity="44">
          <methods>
            <method name="LoadMetadata" signature="()" line-rate="0.20679999999999998" branch-rate="0.1666" complexity="6">
              <lines>
                <line number="116" hits="19" branch="False" />
                <line number="117" hits="19" branch="True" condition-coverage="50% (1/2)">
                  <conditions>
                    <condition number="14" type="jump" coverage="50%" />
                  </conditions>
                </line>
                <line number="118" hits="0" branch="False" />
                <line number="120" hits="0" branch="False" />
                <line number="121" hits="0" branch="False" />
                <line number="122" hits="0" branch="False" />
                <line number="123" hits="0" branch="False" />
                <line number="124" hits="0" branch="True" condition-coverage="0% (0/2)">
                  <conditions>
                    <condition number="79" type="jump" coverage="0%" />
                  </conditions>
                </line>
                <line number="125" hits="0" branch="False" />
                <line number="126" hits="0" branch="False" />
                <line number="127" hits="0" branch="False" />
                <line number="128" hits="0" branch="False" />
                <line number="129" hits="0" branch="True" condition-coverage="0% (0/2)">
                  <conditions>
                    <condition number="174" type="jump" coverage="0%" />
                  </conditions>
                </line>
                <line number="130" hits="0" branch="False" />
                <line number="131" hits="0" branch="False" />
                <line number="132" hits="0" branch="False" />
                <line number="133" hits="0" branch="False" />
                <line number="134" hits="0" branch="False" />
                <line number="135" hits="0" branch="False" />
                <line number="136" hits="0" branch="False" />
                <line number="137" hits="0" branch="False" />
                <line number="138" hits="0" branch="False" />
                <line number="139" hits="0" branch="False" />
                <line number="140" hits="0" branch="False" />
                <line number="141" hits="0" branch="False" />
                <line number="143" hits="19" branch="False" />
                <line number="144" hits="19" branch="False" />
                <line number="145" hits="19" branch="False" />
                <line number="146" hits="19" branch="False" />
              </lines>
            </method>
            <method name="SaveMetadata" signature="()" line-rate="0.75" branch-rate="1" complexity="1">
              <lines>
                <line number="152" hits="15" branch="False" />
                <line number="154" hits="15" branch="False" />
                <line number="155" hits="15" branch="False" />
                <line number="157" hits="15" branch="False" />
                <line number="158" hits="15" branch="False" />
                <line number="159" hits="15" branch="False" />
                <line number="160" hits="15" branch="False" />
                <line number="162" hits="15" branch="False" />
                <line number="163" hits="15" branch="False" />
                <line number="164" hits="15" branch="False" />
                <line number="165" hits="15" branch="False" />
                <line number="166" hits="0" branch="False" />
                <line number="167" hits="0" branch="False" />
                <line number="168" hits="0" branch="False" />
                <line number="169" hits="0" branch="False" />
                <line number="171" hits="15" branch="False" />
              </lines>
            </method>
            <method name="GetFilesAsync" signature="()" line-rate="0" branch-rate="0" complexity="2">
              <lines>
                <line number="281" hits="0" branch="False" />
                <line number="282" hits="0" branch="False" />
                <line number="284" hits="0" branch="False" />
                <line number="287" hits="0" branch="False" />
                <line number="288" hits="0" branch="False" />
                <line number="289" hits="0" branch="False" />
                <line number="290" hits="0" branch="False" />
                <line number="292" hits="0" branch="True" condition-coverage="0% (0/2)">
                  <conditions>
                    <condition number="203" type="jump" coverage="0%" />
                  </conditions>
                </line>
                <line number="293" hits="0" branch="False" />
                <line number="294" hits="0" branch="False" />
                <line number="295" hits="0" branch="False" />
                <line number="296" hits="0" branch="False" />
                <line number="297" hits="0" branch="False" />
                <line number="298" hits="0" branch="False" />
                <line number="299" hits="0" branch="False" />
                <line number="300" hits="0" branch="False" />
                <line number="301" hits="0" branch="False" />
                <line number="302" hits="0" branch="False" />
                <line number="304" hits="0" branch="False" />
                <line number="306" hits="0" branch="False" />
                <line number="307" hits="0" branch="False" />
              </lines>
            </method>
            <method name="GetFileMetadataAsync" signature="(System.String)" line-rate="1" branch-rate="1" complexity="2">
              <lines>
                <line number="315" hits="2" branch="False" />
                <line number="316" hits="2" branch="False" />
                <line number="319" hits="2" branch="False" />
                <line number="320" hits="2" branch="False" />
                <line number="321" hits="2" branch="True" condition-coverage="100% (2/2)">
                  <conditions>
                    <condition number="66" type="jump" coverage="100%" />
                  </conditions>
                </line>
                <line number="322" hits="1" branch="False" />
                <line number="323" hits="1" branch="False" />
                <line number="324" hits="1" branch="False" />
                <line number="326" hits="1" branch="False" />
                <line number="328" hits="1" branch="False" />
                <line number="330" hits="1" branch="False" />
                <line number="331" hits="1" branch="False" />
              </lines>
            </method>
            <method name="GetFileAsync" signature="(System.String)" line-rate="0.8332999999999999" branch-rate="0.75" complexity="4">
              <lines>
                <line number="339" hits="3" branch="False" />
                <line number="340" hits="3" branch="False" />
                <line number="343" hits="3" branch="False" />
                <line number="344" hits="3" branch="False" />
                <line number="345" hits="3" branch="True" condition-coverage="100% (2/2)">
                  <conditions>
                    <condition number="69" type="jump" coverage="100%" />
                  </conditions>
                </line>
                <line number="346" hits="2" branch="False" />
                <line number="347" hits="2" branch="False" />
                <line number="348" hits="2" branch="False" />
                <line number="350" hits="1" branch="False" />
                <line number="352" hits="1" branch="False" />
                <line number="353" hits="1" branch="True" condition-coverage="50% (1/2)">
                  <conditions>
                    <condition number="162" type="jump" coverage="50%" />
                  </conditions>
                </line>
                <line number="354" hits="0" branch="False" />
                <line number="355" hits="0" branch="False" />
                <line number="356" hits="0" branch="False" />
                <line number="359" hits="1" branch="False" />
                <line number="361" hits="1" branch="False" />
                <line number="362" hits="1" branch="False" />
                <line number="363" hits="1" branch="False" />
              </lines>
            </method>
            <method name="DeleteFileAsync" signature="(System.String)" line-rate="0.8845999999999999" branch-rate="0.75" complexity="4">
              <lines>
                <line number="371" hits="2" branch="False" />
                <line number="372" hits="2" branch="False" />
                <line number="375" hits="2" branch="False" />
                <line number="376" hits="2" branch="False" />
                <line number="377" hits="2" branch="True" condition-coverage="100% (2/2)">
                  <conditions>
                    <condition number="68" type="jump" coverage="100%" />
                  </conditions>
                </line>
                <line number="378" hits="1" branch="False" />
                <line number="379" hits="1" branch="False" />
                <line number="380" hits="1" branch="False" />
                <line number="382" hits="1" branch="False" />
                <line number="384" hits="1" branch="False" />
                <line number="385" hits="1" branch="True" condition-coverage="50% (1/2)">
                  <conditions>
                    <condition number="157" type="jump" coverage="50%" />
                  </conditions>
                </line>
                <line number="386" hits="1" branch="False" />
                <line number="387" hits="1" branch="False" />
                <line number="388" hits="1" branch="False" />
                <line number="389" hits="1" branch="False" />
                <line number="391" hits="0" branch="False" />
                <line number="392" hits="0" branch="False" />
                <line number="393" hits="0" branch="False" />
                <line number="395" hits="1" branch="False" />
                <line number="396" hits="1" branch="False" />
                <line number="397" hits="1" branch="False" />
                <line number="398" hits="1" branch="False" />
                <line number="399" hits="1" branch="False" />
                <line number="401" hits="1" branch="False" />
                <line number="403" hits="1" branch="False" />
                <line number="404" hits="1" branch="False" />
              </lines>
            </method>
            <method name="CalculateFileHash" signature="(System.String)" line-rate="0.6363" branch-rate="1" complexity="1">
              <lines>
                <line number="412" hits="14" branch="False" />
                <line number="414" hits="14" branch="False" />
                <line number="415" hits="14" branch="False" />
                <line number="416" hits="14" branch="False" />
                <line number="417" hits="14" branch="False" />
                <line number="418" hits="14" branch="False" />
                <line number="420" hits="0" branch="False" />
                <line number="421" hits="0" branch="False" />
                <line number="422" hits="0" branch="False" />
                <line number="423" hits="0" branch="False" />
                <line number="425" hits="14" branch="False" />
              </lines>
            </method>
            <method name="FindDuplicateByHash" signature="(System.String)" line-rate="1" branch-rate="1" complexity="4">
              <lines>
                <line number="433" hits="14" branch="False" />
                <line number="435" hits="14" branch="False" />
                <line number="436" hits="14" branch="False" />
                <line number="437" hits="14" branch="False" />
                <line number="438" hits="14" branch="False" />
                <line number="440" hits="45" branch="True" condition-coverage="100% (2/2)">
                  <conditions>
                    <condition number="110" type="jump" coverage="100%" />
                  </conditions>
                </line>
                <line number="441" hits="2" branch="False" />
                <line number="442" hits="2" branch="True" condition-coverage="100% (2/2)">
                  <conditions>
                    <condition number="88" type="jump" coverage="100%" />
                  </conditions>
                </line>
                <line number="443" hits="1" branch="False" />
                <line number="444" hits="1" branch="False" />
                <line number="446" hits="1" branch="False" />
                <line number="448" hits="13" branch="False" />
                <line number="449" hits="14" branch="False" />
              </lines>
            </method>
            <method name="CalculateFileStatistics" signature="(System.String)" line-rate="0.6296" branch-rate="0.6666" complexity="6">
              <lines>
                <line number="457" hits="14" branch="False" />
                <line number="458" hits="14" branch="True" condition-coverage="50% (1/2)">
                  <conditions>
                    <condition number="9" type="jump" coverage="50%" />
                  </conditions>
                </line>
                <line number="459" hits="0" branch="False" />
                <line number="460" hits="0" branch="False" />
                <line number="461" hits="0" branch="False" />
                <line number="462" hits="0" branch="False" />
                <line number="463" hits="0" branch="False" />
                <line number="464" hits="0" branch="False" />
                <line number="465" hits="0" branch="False" />
                <line number="469" hits="14" branch="False" />
                <line number="472" hits="14" branch="False" />
                <line number="473" hits="14" branch="False" />
                <line number="474" hits="14" branch="False" />
                <line number="477" hits="14" branch="False" />
                <line number="478" hits="14" branch="False" />
                <line number="479" hits="14" branch="False" />
                <line number="482" hits="14" branch="True" condition-coverage="75% (3/4)">
                  <conditions>
                    <condition number="116" type="jump" coverage="100%" />
                    <condition number="133" type="jump" coverage="50%" />
                  </conditions>
                </line>
                <line number="483" hits="0" branch="False" />
                <line number="484" hits="0" branch="False" />
                <line number="485" hits="0" branch="False" />
                <line number="487" hits="14" branch="False" />
                <line number="488" hits="14" branch="False" />
                <line number="489" hits="14" branch="False" />
                <line number="490" hits="14" branch="False" />
                <line number="491" hits="14" branch="False" />
                <line number="492" hits="14" branch="False" />
                <line number="493" hits="14" branch="False" />
              </lines>
            </method>
            <method name="GetAllFilesAsync" signature="()" line-rate="1" branch-rate="1" complexity="1">
              <lines>
                <line number="500" hits="2" branch="False" />
                <line number="501" hits="2" branch="False" />
                <line number="504" hits="2" branch="False" />
                <line number="505" hits="2" branch="False" />
                <line number="506" hits="2" branch="False" />
                <line number="507" hits="2" branch="False" />
                <line number="509" hits="2" branch="False" />
                <line number="511" hits="2" branch="False" />
                <line number="512" hits="2" branch="False" />
              </lines>
            </method>
            <method name="FileExistsAsync" signature="(System.String)" line-rate="1" branch-rate="1" complexity="1">
              <lines>
                <line number="520" hits="2" branch="False" />
                <line number="521" hits="2" branch="False" />
                <line number="524" hits="2" branch="False" />
                <line number="525" hits="2" branch="False" />
                <line number="526" hits="2" branch="False" />
                <line number="527" hits="2" branch="False" />
                <line number="529" hits="2" branch="False" />
                <line number="531" hits="2" branch="False" />
                <line number="532" hits="2" branch="False" />
              </lines>
            </method>
            <method name="GetFileContentAsync" signature="(System.String)" line-rate="0.88" branch-rate="0.75" complexity="4">
              <lines>
                <line number="540" hits="2" branch="False" />
                <line number="541" hits="2" branch="False" />
                <line number="544" hits="2" branch="False" />
                <line number="545" hits="2" branch="False" />
                <line number="546" hits="2" branch="True" condition-coverage="100% (2/2)">
                  <conditions>
                    <condition number="69" type="jump" coverage="100%" />
                  </conditions>
                </line>
                <line number="547" hits="1" branch="False" />
                <line number="548" hits="1" branch="False" />
                <line number="549" hits="1" branch="False" />
                <line number="551" hits="1" branch="False" />
                <line number="553" hits="1" branch="False" />
                <line number="554" hits="1" branch="True" condition-coverage="50% (1/2)">
                  <conditions>
                    <condition number="162" type="jump" coverage="50%" />
                  </conditions>
                </line>
                <line number="555" hits="0" branch="False" />
                <line number="556" hits="0" branch="False" />
                <line number="557" hits="0" branch="False" />
                <line number="560" hits="1" branch="False" />
                <line number="563" hits="1" branch="False" />
                <line number="564" hits="1" branch="False" />
                <line number="565" hits="1" branch="False" />
                <line number="566" hits="1" branch="False" />
                <line number="567" hits="1" branch="False" />
                <line number="568" hits="1" branch="False" />
                <line number="569" hits="1" branch="False" />
                <line number="571" hits="1" branch="False" />
                <line number="573" hits="1" branch="False" />
                <line number="574" hits="1" branch="False" />
              </lines>
            </method>
            <method name=".ctor" signature="(Microsoft.Extensions.Configuration.IConfiguration,Microsoft.Extensions.Logging.ILogger`1&lt;FileStoringService.Services.FileService&gt;)" line-rate="1" branch-rate="0.625" complexity="8">
              <lines>
                <line number="82" hits="19" branch="False" />
                <line number="84" hits="19" branch="False" />
                <line number="91" hits="19" branch="False" />
                <line number="92" hits="19" branch="False" />
                <line number="93" hits="19" branch="True" condition-coverage="50% (1/2)">
                  <conditions>
                    <condition number="36" type="jump" coverage="50%" />
                  </conditions>
                </line>
                <line number="94" hits="19" branch="True" condition-coverage="50% (1/2)">
                  <conditions>
                    <condition number="52" type="jump" coverage="50%" />
                  </conditions>
                </line>
                <line number="96" hits="19" branch="True" condition-coverage="50% (1/2)">
                  <conditions>
                    <condition number="84" type="jump" coverage="50%" />
                  </conditions>
                </line>
                <line number="97" hits="19" branch="False" />
                <line number="99" hits="19" branch="False" />
                <line number="102" hits="19" branch="True" condition-coverage="100% (2/2)">
                  <conditions>
                    <condition number="177" type="jump" coverage="100%" />
                  </conditions>
                </line>
                <line number="103" hits="19" branch="False" />
                <line number="104" hits="19" branch="False" />
                <line number="105" hits="19" branch="False" />
                <line number="106" hits="19" branch="False" />
                <line number="109" hits="19" branch="False" />
                <line number="110" hits="19" branch="False" />
              </lines>
            </method>
          </methods>
          <lines>
            <line number="116" hits="19" branch="False" />
            <line number="117" hits="19" branch="True" condition-coverage="50% (1/2)">
              <conditions>
                <condition number="14" type="jump" coverage="50%" />
              </conditions>
            </line>
            <line number="118" hits="0" branch="False" />
            <line number="120" hits="0" branch="False" />
            <line number="121" hits="0" branch="False" />
            <line number="122" hits="0" branch="False" />
            <line number="123" hits="0" branch="False" />
            <line number="124" hits="0" branch="True" condition-coverage="0% (0/2)">
              <conditions>
                <condition number="79" type="jump" coverage="0%" />
              </conditions>
            </line>
            <line number="125" hits="0" branch="False" />
            <line number="126" hits="0" branch="False" />
            <line number="127" hits="0" branch="False" />
            <line number="128" hits="0" branch="False" />
            <line number="129" hits="0" branch="True" condition-coverage="0% (0/2)">
              <conditions>
                <condition number="174" type="jump" coverage="0%" />
              </conditions>
            </line>
            <line number="130" hits="0" branch="False" />
            <line number="131" hits="0" branch="False" />
            <line number="132" hits="0" branch="False" />
            <line number="133" hits="0" branch="False" />
            <line number="134" hits="0" branch="False" />
            <line number="135" hits="0" branch="False" />
            <line number="136" hits="0" branch="False" />
            <line number="137" hits="0" branch="False" />
            <line number="138" hits="0" branch="False" />
            <line number="139" hits="0" branch="False" />
            <line number="140" hits="0" branch="False" />
            <line number="141" hits="0" branch="False" />
            <line number="143" hits="19" branch="False" />
            <line number="144" hits="19" branch="False" />
            <line number="145" hits="19" branch="False" />
            <line number="146" hits="19" branch="False" />
            <line number="152" hits="15" branch="False" />
            <line number="154" hits="15" branch="False" />
            <line number="155" hits="15" branch="False" />
            <line number="157" hits="15" branch="False" />
            <line number="158" hits="15" branch="False" />
            <line number="159" hits="15" branch="False" />
            <line number="160" hits="15" branch="False" />
            <line number="162" hits="15" branch="False" />
            <line number="163" hits="15" branch="False" />
            <line number="164" hits="15" branch="False" />
            <line number="165" hits="15" branch="False" />
            <line number="166" hits="0" branch="False" />
            <line number="167" hits="0" branch="False" />
            <line number="168" hits="0" branch="False" />
            <line number="169" hits="0" branch="False" />
            <line number="171" hits="15" branch="False" />
            <line number="281" hits="0" branch="False" />
            <line number="282" hits="0" branch="False" />
            <line number="284" hits="0" branch="False" />
            <line number="287" hits="0" branch="False" />
            <line number="288" hits="0" branch="False" />
            <line number="289" hits="0" branch="False" />
            <line number="290" hits="0" branch="False" />
            <line number="292" hits="0" branch="True" condition-coverage="0% (0/2)">
              <conditions>
                <condition number="203" type="jump" coverage="0%" />
              </conditions>
            </line>
            <line number="293" hits="0" branch="False" />
            <line number="294" hits="0" branch="False" />
            <line number="295" hits="0" branch="False" />
            <line number="296" hits="0" branch="False" />
            <line number="297" hits="0" branch="False" />
            <line number="298" hits="0" branch="False" />
            <line number="299" hits="0" branch="False" />
            <line number="300" hits="0" branch="False" />
            <line number="301" hits="0" branch="False" />
            <line number="302" hits="0" branch="False" />
            <line number="304" hits="0" branch="False" />
            <line number="306" hits="0" branch="False" />
            <line number="307" hits="0" branch="False" />
            <line number="315" hits="2" branch="False" />
            <line number="316" hits="2" branch="False" />
            <line number="319" hits="2" branch="False" />
            <line number="320" hits="2" branch="False" />
            <line number="321" hits="2" branch="True" condition-coverage="100% (2/2)">
              <conditions>
                <condition number="66" type="jump" coverage="100%" />
              </conditions>
            </line>
            <line number="322" hits="1" branch="False" />
            <line number="323" hits="1" branch="False" />
            <line number="324" hits="1" branch="False" />
            <line number="326" hits="1" branch="False" />
            <line number="328" hits="1" branch="False" />
            <line number="330" hits="1" branch="False" />
            <line number="331" hits="1" branch="False" />
            <line number="339" hits="3" branch="False" />
            <line number="340" hits="3" branch="False" />
            <line number="343" hits="3" branch="False" />
            <line number="344" hits="3" branch="False" />
            <line number="345" hits="3" branch="True" condition-coverage="100% (2/2)">
              <conditions>
                <condition number="69" type="jump" coverage="100%" />
              </conditions>
            </line>
            <line number="346" hits="2" branch="False" />
            <line number="347" hits="2" branch="False" />
            <line number="348" hits="2" branch="False" />
            <line number="350" hits="1" branch="False" />
            <line number="352" hits="1" branch="False" />
            <line number="353" hits="1" branch="True" condition-coverage="50% (1/2)">
              <conditions>
                <condition number="162" type="jump" coverage="50%" />
              </conditions>
            </line>
            <line number="354" hits="0" branch="False" />
            <line number="355" hits="0" branch="False" />
            <line number="356" hits="0" branch="False" />
            <line number="359" hits="1" branch="False" />
            <line number="361" hits="1" branch="False" />
            <line number="362" hits="1" branch="False" />
            <line number="363" hits="1" branch="False" />
            <line number="371" hits="2" branch="False" />
            <line number="372" hits="2" branch="False" />
            <line number="375" hits="2" branch="False" />
            <line number="376" hits="2" branch="False" />
            <line number="377" hits="2" branch="True" condition-coverage="100% (2/2)">
              <conditions>
                <condition number="68" type="jump" coverage="100%" />
              </conditions>
            </line>
            <line number="378" hits="1" branch="False" />
            <line number="379" hits="1" branch="False" />
            <line number="380" hits="1" branch="False" />
            <line number="382" hits="1" branch="False" />
            <line number="384" hits="1" branch="False" />
            <line number="385" hits="1" branch="True" condition-coverage="50% (1/2)">
              <conditions>
                <condition number="157" type="jump" coverage="50%" />
              </conditions>
            </line>
            <line number="386" hits="1" branch="False" />
            <line number="387" hits="1" branch="False" />
            <line number="388" hits="1" branch="False" />
            <line number="389" hits="1" branch="False" />
            <line number="391" hits="0" branch="False" />
            <line number="392" hits="0" branch="False" />
            <line number="393" hits="0" branch="False" />
            <line number="395" hits="1" branch="False" />
            <line number="396" hits="1" branch="False" />
            <line number="397" hits="1" branch="False" />
            <line number="398" hits="1" branch="False" />
            <line number="399" hits="1" branch="False" />
            <line number="401" hits="1" branch="False" />
            <line number="403" hits="1" branch="False" />
            <line number="404" hits="1" branch="False" />
            <line number="412" hits="14" branch="False" />
            <line number="414" hits="14" branch="False" />
            <line number="415" hits="14" branch="False" />
            <line number="416" hits="14" branch="False" />
            <line number="417" hits="14" branch="False" />
            <line number="418" hits="14" branch="False" />
            <line number="420" hits="0" branch="False" />
            <line number="421" hits="0" branch="False" />
            <line number="422" hits="0" branch="False" />
            <line number="423" hits="0" branch="False" />
            <line number="425" hits="14" branch="False" />
            <line number="433" hits="14" branch="False" />
            <line number="435" hits="14" branch="False" />
            <line number="436" hits="14" branch="False" />
            <line number="437" hits="14" branch="False" />
            <line number="438" hits="14" branch="False" />
            <line number="440" hits="45" branch="True" condition-coverage="100% (2/2)">
              <conditions>
                <condition number="110" type="jump" coverage="100%" />
              </conditions>
            </line>
            <line number="441" hits="2" branch="False" />
            <line number="442" hits="2" branch="True" condition-coverage="100% (2/2)">
              <conditions>
                <condition number="88" type="jump" coverage="100%" />
              </conditions>
            </line>
            <line number="443" hits="1" branch="False" />
            <line number="444" hits="1" branch="False" />
            <line number="446" hits="1" branch="False" />
            <line number="448" hits="13" branch="False" />
            <line number="449" hits="14" branch="False" />
            <line number="457" hits="14" branch="False" />
            <line number="458" hits="14" branch="True" condition-coverage="50% (1/2)">
              <conditions>
                <condition number="9" type="jump" coverage="50%" />
              </conditions>
            </line>
            <line number="459" hits="0" branch="False" />
            <line number="460" hits="0" branch="False" />
            <line number="461" hits="0" branch="False" />
            <line number="462" hits="0" branch="False" />
            <line number="463" hits="0" branch="False" />
            <line number="464" hits="0" branch="False" />
            <line number="465" hits="0" branch="False" />
            <line number="469" hits="14" branch="False" />
            <line number="472" hits="14" branch="False" />
            <line number="473" hits="14" branch="False" />
            <line number="474" hits="14" branch="False" />
            <line number="477" hits="14" branch="False" />
            <line number="478" hits="14" branch="False" />
            <line number="479" hits="14" branch="False" />
            <line number="482" hits="14" branch="True" condition-coverage="75% (3/4)">
              <conditions>
                <condition number="116" type="jump" coverage="100%" />
                <condition number="133" type="jump" coverage="50%" />
              </conditions>
            </line>
            <line number="483" hits="0" branch="False" />
            <line number="484" hits="0" branch="False" />
            <line number="485" hits="0" branch="False" />
            <line number="487" hits="14" branch="False" />
            <line number="488" hits="14" branch="False" />
            <line number="489" hits="14" branch="False" />
            <line number="490" hits="14" branch="False" />
            <line number="491" hits="14" branch="False" />
            <line number="492" hits="14" branch="False" />
            <line number="493" hits="14" branch="False" />
            <line number="500" hits="2" branch="False" />
            <line number="501" hits="2" branch="False" />
            <line number="504" hits="2" branch="False" />
            <line number="505" hits="2" branch="False" />
            <line number="506" hits="2" branch="False" />
            <line number="507" hits="2" branch="False" />
            <line number="509" hits="2" branch="False" />
            <line number="511" hits="2" branch="False" />
            <line number="512" hits="2" branch="False" />
            <line number="520" hits="2" branch="False" />
            <line number="521" hits="2" branch="False" />
            <line number="524" hits="2" branch="False" />
            <line number="525" hits="2" branch="False" />
            <line number="526" hits="2" branch="False" />
            <line number="527" hits="2" branch="False" />
            <line number="529" hits="2" branch="False" />
            <line number="531" hits="2" branch="False" />
            <line number="532" hits="2" branch="False" />
            <line number="540" hits="2" branch="False" />
            <line number="541" hits="2" branch="False" />
            <line number="544" hits="2" branch="False" />
            <line number="545" hits="2" branch="False" />
            <line number="546" hits="2" branch="True" condition-coverage="100% (2/2)">
              <conditions>
                <condition number="69" type="jump" coverage="100%" />
              </conditions>
            </line>
            <line number="547" hits="1" branch="False" />
            <line number="548" hits="1" branch="False" />
            <line number="549" hits="1" branch="False" />
            <line number="551" hits="1" branch="False" />
            <line number="553" hits="1" branch="False" />
            <line number="554" hits="1" branch="True" condition-coverage="50% (1/2)">
              <conditions>
                <condition number="162" type="jump" coverage="50%" />
              </conditions>
            </line>
            <line number="555" hits="0" branch="False" />
            <line number="556" hits="0" branch="False" />
            <line number="557" hits="0" branch="False" />
            <line number="560" hits="1" branch="False" />
            <line number="563" hits="1" branch="False" />
            <line number="564" hits="1" branch="False" />
            <line number="565" hits="1" branch="False" />
            <line number="566" hits="1" branch="False" />
            <line number="567" hits="1" branch="False" />
            <line number="568" hits="1" branch="False" />
            <line number="569" hits="1" branch="False" />
            <line number="571" hits="1" branch="False" />
            <line number="573" hits="1" branch="False" />
            <line number="574" hits="1" branch="False" />
            <line number="82" hits="19" branch="False" />
            <line number="84" hits="19" branch="False" />
            <line number="91" hits="19" branch="False" />
            <line number="92" hits="19" branch="False" />
            <line number="93" hits="19" branch="True" condition-coverage="50% (1/2)">
              <conditions>
                <condition number="36" type="jump" coverage="50%" />
              </conditions>
            </line>
            <line number="94" hits="19" branch="True" condition-coverage="50% (1/2)">
              <conditions>
                <condition number="52" type="jump" coverage="50%" />
              </conditions>
            </line>
            <line number="96" hits="19" branch="True" condition-coverage="50% (1/2)">
              <conditions>
                <condition number="84" type="jump" coverage="50%" />
              </conditions>
            </line>
            <line number="97" hits="19" branch="False" />
            <line number="99" hits="19" branch="False" />
            <line number="102" hits="19" branch="True" condition-coverage="100% (2/2)">
              <conditions>
                <condition number="177" type="jump" coverage="100%" />
              </conditions>
            </line>
            <line number="103" hits="19" branch="False" />
            <line number="104" hits="19" branch="False" />
            <line number="105" hits="19" branch="False" />
            <line number="106" hits="19" branch="False" />
            <line number="109" hits="19" branch="False" />
            <line number="110" hits="19" branch="False" />
          </lines>
        </class>
        <class name="FileStoringService.Services.FileService/&lt;UploadFileAsync&gt;d__8" filename="Services/FileService.cs" line-rate="0.897" branch-rate="0.7" complexity="10">
          <methods>
            <method name="MoveNext" signature="()" line-rate="0.897" branch-rate="0.7" complexity="10">
              <lines>
                <line number="179" hits="15" branch="False" />
                <line number="180" hits="15" branch="True" condition-coverage="75% (3/4)">
                  <conditions>
                    <condition number="25" type="jump" coverage="50%" />
                    <condition number="47" type="jump" coverage="100%" />
                  </conditions>
                </line>
                <line number="181" hits="1" branch="False" />
                <line number="182" hits="1" branch="False" />
                <line number="183" hits="1" branch="False" />
                <line number="187" hits="14" branch="True" condition-coverage="50% (1/2)">
                  <conditions>
                    <condition number="120" type="jump" coverage="50%" />
                  </conditions>
                </line>
                <line number="188" hits="0" branch="False" />
                <line number="189" hits="0" branch="False" />
                <line number="190" hits="0" branch="False" />
                <line number="191" hits="0" branch="False" />
                <line number="195" hits="14" branch="True" condition-coverage="50% (1/2)">
                  <conditions>
                    <condition number="204" type="jump" coverage="50%" />
                  </conditions>
                </line>
                <line number="196" hits="0" branch="False" />
                <line number="197" hits="0" branch="False" />
                <line number="198" hits="0" branch="False" />
                <line number="202" hits="14" branch="False" />
                <line number="203" hits="14" branch="False" />
                <line number="205" hits="14" branch="False" />
                <line number="209" hits="14" branch="False" />
                <line number="210" hits="14" branch="False" />
                <line number="211" hits="14" branch="False" />
                <line number="212" hits="14" branch="False" />
                <line number="215" hits="14" branch="False" />
                <line number="216" hits="14" branch="False" />
                <line number="217" hits="14" branch="False" />
                <line number="218" hits="14" branch="False" />
                <line number="221" hits="14" branch="False" />
                <line number="222" hits="14" branch="False" />
                <line number="223" hits="14" branch="False" />
                <line number="224" hits="14" branch="False" />
                <line number="225" hits="14" branch="False" />
                <line number="226" hits="14" branch="False" />
                <line number="229" hits="14" branch="False" />
                <line number="230" hits="14" branch="False" />
                <line number="233" hits="14" branch="False" />
                <line number="234" hits="14" branch="True" condition-coverage="100% (2/2)">
                  <conditions>
                    <condition number="1079" type="jump" coverage="100%" />
                  </conditions>
                </line>
                <line number="235" hits="1" branch="False" />
                <line number="236" hits="1" branch="False" />
                <line number="237" hits="1" branch="False" />
                <line number="240" hits="14" branch="False" />
                <line number="241" hits="14" branch="False" />
                <line number="242" hits="14" branch="False" />
                <line number="243" hits="14" branch="False" />
                <line number="244" hits="14" branch="False" />
                <line number="245" hits="14" branch="False" />
                <line number="246" hits="14" branch="False" />
                <line number="247" hits="14" branch="False" />
                <line number="248" hits="14" branch="False" />
                <line number="249" hits="14" branch="False" />
                <line number="250" hits="14" branch="False" />
                <line number="252" hits="14" branch="False" />
                <line number="253" hits="14" branch="False" />
                <line number="254" hits="14" branch="False" />
                <line number="255" hits="14" branch="False" />
                <line number="256" hits="14" branch="False" />
                <line number="258" hits="14" branch="False" />
                <line number="259" hits="14" branch="False" />
                <line number="262" hits="14" branch="False" />
                <line number="264" hits="14" branch="False" />
                <line number="265" hits="14" branch="False" />
                <line number="266" hits="14" branch="False" />
                <line number="267" hits="14" branch="False" />
                <line number="268" hits="14" branch="False" />
                <line number="269" hits="14" branch="False" />
                <line number="270" hits="14" branch="False" />
                <line number="271" hits="14" branch="False" />
                <line number="272" hits="14" branch="False" />
                <line number="273" hits="14" branch="False" />
                <line number="274" hits="14" branch="False" />
              </lines>
            </method>
          </methods>
          <lines>
            <line number="179" hits="15" branch="False" />
            <line number="180" hits="15" branch="True" condition-coverage="75% (3/4)">
              <conditions>
                <condition number="25" type="jump" coverage="50%" />
                <condition number="47" type="jump" coverage="100%" />
              </conditions>
            </line>
            <line number="181" hits="1" branch="False" />
            <line number="182" hits="1" branch="False" />
            <line number="183" hits="1" branch="False" />
            <line number="187" hits="14" branch="True" condition-coverage="50% (1/2)">
              <conditions>
                <condition number="120" type="jump" coverage="50%" />
              </conditions>
            </line>
            <line number="188" hits="0" branch="False" />
            <line number="189" hits="0" branch="False" />
            <line number="190" hits="0" branch="False" />
            <line number="191" hits="0" branch="False" />
            <line number="195" hits="14" branch="True" condition-coverage="50% (1/2)">
              <conditions>
                <condition number="204" type="jump" coverage="50%" />
              </conditions>
            </line>
            <line number="196" hits="0" branch="False" />
            <line number="197" hits="0" branch="False" />
            <line number="198" hits="0" branch="False" />
            <line number="202" hits="14" branch="False" />
            <line number="203" hits="14" branch="False" />
            <line number="205" hits="14" branch="False" />
            <line number="209" hits="14" branch="False" />
            <line number="210" hits="14" branch="False" />
            <line number="211" hits="14" branch="False" />
            <line number="212" hits="14" branch="False" />
            <line number="215" hits="14" branch="False" />
            <line number="216" hits="14" branch="False" />
            <line number="217" hits="14" branch="False" />
            <line number="218" hits="14" branch="False" />
            <line number="221" hits="14" branch="False" />
            <line number="222" hits="14" branch="False" />
            <line number="223" hits="14" branch="False" />
            <line number="224" hits="14" branch="False" />
            <line number="225" hits="14" branch="False" />
            <line number="226" hits="14" branch="False" />
            <line number="229" hits="14" branch="False" />
            <line number="230" hits="14" branch="False" />
            <line number="233" hits="14" branch="False" />
            <line number="234" hits="14" branch="True" condition-coverage="100% (2/2)">
              <conditions>
                <condition number="1079" type="jump" coverage="100%" />
              </conditions>
            </line>
            <line number="235" hits="1" branch="False" />
            <line number="236" hits="1" branch="False" />
            <line number="237" hits="1" branch="False" />
            <line number="240" hits="14" branch="False" />
            <line number="241" hits="14" branch="False" />
            <line number="242" hits="14" branch="False" />
            <line number="243" hits="14" branch="False" />
            <line number="244" hits="14" branch="False" />
            <line number="245" hits="14" branch="False" />
            <line number="246" hits="14" branch="False" />
            <line number="247" hits="14" branch="False" />
            <line number="248" hits="14" branch="False" />
            <line number="249" hits="14" branch="False" />
            <line number="250" hits="14" branch="False" />
            <line number="252" hits="14" branch="False" />
            <line number="253" hits="14" branch="False" />
            <line number="254" hits="14" branch="False" />
            <line number="255" hits="14" branch="False" />
            <line number="256" hits="14" branch="False" />
            <line number="258" hits="14" branch="False" />
            <line number="259" hits="14" branch="False" />
            <line number="262" hits="14" branch="False" />
            <line number="264" hits="14" branch="False" />
            <line number="265" hits="14" branch="False" />
            <line number="266" hits="14" branch="False" />
            <line number="267" hits="14" branch="False" />
            <line number="268" hits="14" branch="False" />
            <line number="269" hits="14" branch="False" />
            <line number="270" hits="14" branch="False" />
            <line number="271" hits="14" branch="False" />
            <line number="272" hits="14" branch="False" />
            <line number="273" hits="14" branch="False" />
            <line number="274" hits="14" branch="False" />
          </lines>
        </class>
        <class name="FileStoringService.Services.Validation.FileValidationService" filename="Services/Validation/FileValidationService.cs" line-rate="1" branch-rate="1" complexity="13">
          <methods>
            <method name="ValidateFile" signature="(Microsoft.AspNetCore.Http.IFormFile)" line-rate="1" branch-rate="1" complexity="8">
              <lines>
                <line number="19" hits="21" branch="False" />
                <line number="20" hits="21" branch="True" condition-coverage="100% (4/4)">
                  <conditions>
                    <condition number="2" type="jump" coverage="100%" />
                    <condition number="19" type="jump" coverage="100%" />
                  </conditions>
                </line>
                <line number="21" hits="4" branch="False" />
                <line number="22" hits="4" branch="False" />
                <line number="25" hits="17" branch="True" condition-coverage="100% (2/2)">
                  <conditions>
                    <condition number="55" type="jump" coverage="100%" />
                  </conditions>
                </line>
                <line number="26" hits="2" branch="False" />
                <line number="27" hits="2" branch="False" />
                <line number="30" hits="15" branch="False" />
                <line number="31" hits="15" branch="True" condition-coverage="100% (2/2)">
                  <conditions>
                    <condition number="156" type="jump" coverage="100%" />
                  </conditions>
                </line>
                <line number="32" hits="8" branch="False" />
                <line number="33" hits="8" branch="False" />
                <line number="36" hits="7" branch="False" />
                <line number="37" hits="21" branch="False" />
              </lines>
            </method>
            <method name="ValidateFileId" signature="(System.String)" line-rate="1" branch-rate="1" complexity="4">
              <lines>
                <line number="40" hits="10" branch="False" />
                <line number="41" hits="10" branch="True" condition-coverage="100% (2/2)">
                  <conditions>
                    <condition number="9" type="jump" coverage="100%" />
                  </conditions>
                </line>
                <line number="42" hits="4" branch="False" />
                <line number="43" hits="4" branch="False" />
                <line number="46" hits="6" branch="True" condition-coverage="100% (2/2)">
                  <conditions>
                    <condition number="39" type="jump" coverage="100%" />
                  </conditions>
                </line>
                <line number="47" hits="4" branch="False" />
                <line number="48" hits="4" branch="False" />
                <line number="51" hits="2" branch="False" />
                <line number="52" hits="10" branch="False" />
              </lines>
            </method>
            <method name=".ctor" signature="()" line-rate="1" branch-rate="1" complexity="1">
              <lines>
                <line number="15" hits="31" branch="False" />
              </lines>
            </method>
          </methods>
          <lines>
            <line number="19" hits="21" branch="False" />
            <line number="20" hits="21" branch="True" condition-coverage="100% (4/4)">
              <conditions>
                <condition number="2" type="jump" coverage="100%" />
                <condition number="19" type="jump" coverage="100%" />
              </conditions>
            </line>
            <line number="21" hits="4" branch="False" />
            <line number="22" hits="4" branch="False" />
            <line number="25" hits="17" branch="True" condition-coverage="100% (2/2)">
              <conditions>
                <condition number="55" type="jump" coverage="100%" />
              </conditions>
            </line>
            <line number="26" hits="2" branch="False" />
            <line number="27" hits="2" branch="False" />
            <line number="30" hits="15" branch="False" />
            <line number="31" hits="15" branch="True" condition-coverage="100% (2/2)">
              <conditions>
                <condition number="156" type="jump" coverage="100%" />
              </conditions>
            </line>
            <line number="32" hits="8" branch="False" />
            <line number="33" hits="8" branch="False" />
            <line number="36" hits="7" branch="False" />
            <line number="37" hits="21" branch="False" />
            <line number="40" hits="10" branch="False" />
            <line number="41" hits="10" branch="True" condition-coverage="100% (2/2)">
              <conditions>
                <condition number="9" type="jump" coverage="100%" />
              </conditions>
            </line>
            <line number="42" hits="4" branch="False" />
            <line number="43" hits="4" branch="False" />
            <line number="46" hits="6" branch="True" condition-coverage="100% (2/2)">
              <conditions>
                <condition number="39" type="jump" coverage="100%" />
              </conditions>
            </line>
            <line number="47" hits="4" branch="False" />
            <line number="48" hits="4" branch="False" />
            <line number="51" hits="2" branch="False" />
            <line number="52" hits="10" branch="False" />
            <line number="15" hits="31" branch="False" />
          </lines>
        </class>
        <class name="FileStoringService.Models.FileMetadata" filename="Models/FileModels.cs" line-rate="1" branch-rate="1" complexity="8">
          <methods>
            <method name="get_Id" signature="()" line-rate="1" branch-rate="1" complexity="1">
              <lines>
                <line number="14" hits="53" branch="False" />
              </lines>
            </method>
            <method name="get_FileName" signature="()" line-rate="1" branch-rate="1" complexity="1">
              <lines>
                <line number="19" hits="54" branch="False" />
              </lines>
            </method>
            <method name="get_OriginalName" signature="()" line-rate="1" branch-rate="1" complexity="1">
              <lines>
                <line number="24" hits="52" branch="False" />
              </lines>
            </method>
            <method name="get_ContentType" signature="()" line-rate="1" branch-rate="1" complexity="1">
              <lines>
                <line number="29" hits="48" branch="False" />
              </lines>
            </method>
            <method name="get_Size" signature="()" line-rate="1" branch-rate="1" complexity="1">
              <lines>
                <line number="34" hits="33" branch="False" />
              </lines>
            </method>
            <method name="get_UploadDate" signature="()" line-rate="1" branch-rate="1" complexity="1">
              <lines>
                <line number="39" hits="33" branch="False" />
              </lines>
            </method>
            <method name="get_Hash" signature="()" line-rate="1" branch-rate="1" complexity="1">
              <lines>
                <line number="44" hits="49" branch="False" />
              </lines>
            </method>
            <method name="get_DuplicateOf" signature="()" line-rate="1" branch-rate="1" complexity="1">
              <lines>
                <line number="49" hits="31" branch="False" />
              </lines>
            </method>
          </methods>
          <lines>
            <line number="14" hits="53" branch="False" />
            <line number="19" hits="54" branch="False" />
            <line number="24" hits="52" branch="False" />
            <line number="29" hits="48" branch="False" />
            <line number="34" hits="33" branch="False" />
            <line number="39" hits="33" branch="False" />
            <line number="44" hits="49" branch="False" />
            <line number="49" hits="31" branch="False" />
          </lines>
        </class>
        <class name="FileStoringService.Models.FileStatistics" filename="Models/FileModels.cs" line-rate="1" branch-rate="1" complexity="3">
          <methods>
            <method name="get_Paragraphs" signature="()" line-rate="1" branch-rate="1" complexity="1">
              <lines>
                <line number="60" hits="17" branch="False" />
              </lines>
            </method>
            <method name="get_Words" signature="()" line-rate="1" branch-rate="1" complexity="1">
              <lines>
                <line number="65" hits="18" branch="False" />
              </lines>
            </method>
            <method name="get_Chars" signature="()" line-rate="1" branch-rate="1" complexity="1">
              <lines>
                <line number="70" hits="18" branch="False" />
              </lines>
            </method>
          </methods>
          <lines>
            <line number="60" hits="17" branch="False" />
            <line number="65" hits="18" branch="False" />
            <line number="70" hits="18" branch="False" />
          </lines>
        </class>
        <class name="FileStoringService.Models.FileUploadResponse" filename="Models/FileModels.cs" line-rate="1" branch-rate="1" complexity="7">
          <methods>
            <method name="get_FileId" signature="()" line-rate="1" branch-rate="1" complexity="1">
              <lines>
                <line number="81" hits="40" branch="False" />
              </lines>
            </method>
            <method name="get_FileName" signature="()" line-rate="1" branch-rate="1" complexity="1">
              <lines>
                <line number="86" hits="30" branch="False" />
              </lines>
            </method>
            <method name="get_Filename" signature="()" line-rate="1" branch-rate="1" complexity="1">
              <lines>
                <line number="91" hits="29" branch="False" />
              </lines>
            </method>
            <method name="get_Size" signature="()" line-rate="1" branch-rate="1" complexity="1">
              <lines>
                <line number="96" hits="14" branch="False" />
              </lines>
            </method>
            <method name="get_Duplicate" signature="()" line-rate="1" branch-rate="1" complexity="1">
              <lines>
                <line number="101" hits="18" branch="False" />
              </lines>
            </method>
            <method name="get_DuplicateOf" signature="()" line-rate="1" branch-rate="1" complexity="1">
              <lines>
                <line number="106" hits="15" branch="False" />
              </lines>
            </method>
            <method name="get_Stats" signature="()" line-rate="1" branch-rate="1" complexity="1">
              <lines>
                <line number="111" hits="41" branch="False" />
              </lines>
[...]
                  </conditions>
                </line>
                <line number="38" hits="14" branch="True" condition-coverage="50% (1/2)">
                  <conditions>
                    <condition number="55" type="jump" coverage="50%" />
                  </conditions>
                </line>
                <line number="39" hits="14" branch="False" />
              </lines>
            </method>
          </methods>
          <lines>
            <line number="31" hits="14" branch="False" />
            <line number="32" hits="14" branch="False" />
            <line number="33" hits="14" branch="False" />
            <line number="34" hits="14" branch="False" />
            <line number="35" hits="14" branch="False" />
            <line number="36" hits="14" branch="True" condition-coverage="50% (1/2)">
              <conditions>
                <condition number="11" type="jump" coverage="50%" />
              </conditions>
            </line>
            <line number="37" hits="14" branch="True" condition-coverage="50% (1/2)">
              <conditions>
                <condition number="33" type="jump" coverage="50%" />
              </conditions>
            </line>
            <line number="38" hits="14" branch="True" condition-coverage="50% (1/2)">
              <conditions>
                <condition number="55" type="jump" coverage="50%" />
              </conditions>
            </line>
            <line number="39" hits="14" branch="False" />
          </lines>
        </class>
        <class name="FileStoringService.Controllers.FilesController/&lt;DeleteFile&gt;d__8" filename="Controllers/FilesController.cs" line-rate="0.7619" branch-rate="1" complexity="2">
          <methods>
            <method name="MoveNext" signature="()" line-rate="0.7619" branch-rate="1" complexity="2">
              <lines>
                <line number="237" hits="3" branch="False" />
                <line number="238" hits="3" branch="False" />
                <line number="239" hits="3" branch="True" condition-coverage="100% (2/2)">
                  <conditions>
                    <condition number="62" type="jump" coverage="100%" />
                  </conditions>
                </line>
                <line number="240" hits="1" branch="False" />
                <line number="241" hits="1" branch="False" />
                <line number="242" hits="1" branch="False" />
                <line number="245" hits="2" branch="False" />
                <line number="248" hits="2" branch="False" />
                <line number="249" hits="2" branch="False" />
                <line number="251" hits="1" branch="False" />
                <line number="253" hits="1" branch="False" />
                <line number="255" hits="1" branch="False" />
                <line number="256" hits="1" branch="False" />
                <line number="257" hits="1" branch="False" />
                <line number="258" hits="1" branch="False" />
                <line number="260" hits="0" branch="False" />
                <line number="261" hits="0" branch="False" />
                <line number="262" hits="0" branch="False" />
                <line number="263" hits="0" branch="False" />
                <line number="264" hits="0" branch="False" />
                <line number="266" hits="3" branch="False" />
              </lines>
            </method>
          </methods>
          <lines>
            <line number="237" hits="3" branch="False" />
            <line number="238" hits="3" branch="False" />
            <line number="239" hits="3" branch="True" condition-coverage="100% (2/2)">
              <conditions>
                <condition number="62" type="jump" coverage="100%" />
              </conditions>
            </line>
            <line number="240" hits="1" branch="False" />
            <line number="241" hits="1" branch="False" />
            <line number="242" hits="1" branch="False" />
            <line number="245" hits="2" branch="False" />
            <line number="248" hits="2" branch="False" />
            <line number="249" hits="2" branch="False" />
            <line number="251" hits="1" branch="False" />
            <line number="253" hits="1" branch="False" />
            <line number="255" hits="1" branch="False" />
            <line number="256" hits="1" branch="False" />
            <line number="257" hits="1" branch="False" />
            <line number="258" hits="1" branch="False" />
            <line number="260" hits="0" branch="False" />
            <line number="261" hits="0" branch="False" />
            <line number="262" hits="0" branch="False" />
            <line number="263" hits="0" branch="False" />
            <line number="264" hits="0" branch="False" />
            <line number="266" hits="3" branch="False" />
          </lines>
        </class>
        <class name="FileStoringService.Controllers.FilesController/&lt;GetFile&gt;d__6" filename="Controllers/FilesController.cs" line-rate="0.64" branch-rate="1" complexity="2">
          <methods>
            <method name="MoveNext" signature="()" line-rate="0.64" branch-rate="1" complexity="2">
              <lines>
                <line number="151" hits="4" branch="False" />
                <line number="152" hits="4" branch="False" />
                <line number="153" hits="4" branch="True" condition-coverage="100% (2/2)">
                  <conditions>
                    <condition number="62" type="jump" coverage="100%" />
                  </conditions>
                </line>
                <line number="154" hits="2" branch="False" />
                <line number="155" hits="2" branch="False" />
                <line number="156" hits="2" branch="False" />
                <line number="159" hits="2" branch="False" />
                <line number="162" hits="2" branch="False" />
                <line number="163" hits="2" branch="False" />
                <line number="165" hits="1" branch="False" />
                <line number="167" hits="1" branch="False" />
                <line number="169" hits="1" branch="False" />
                <line number="170" hits="1" branch="False" />
                <line number="171" hits="1" branch="False" />
                <line number="172" hits="1" branch="False" />
                <line number="174" hits="0" branch="False" />
                <line number="175" hits="0" branch="False" />
                <line number="176" hits="0" branch="False" />
                <line number="177" hits="0" branch="False" />
                <line number="179" hits="0" branch="False" />
                <line number="180" hits="0" branch="False" />
                <line number="181" hits="0" branch="False" />
                <line number="182" hits="0" branch="False" />
                <line number="183" hits="0" branch="False" />
                <line number="185" hits="4" branch="False" />
              </lines>
            </method>
          </methods>
          <lines>
            <line number="151" hits="4" branch="False" />
            <line number="152" hits="4" branch="False" />
            <line number="153" hits="4" branch="True" condition-coverage="100% (2/2)">
              <conditions>
                <condition number="62" type="jump" coverage="100%" />
              </conditions>
            </line>
            <line number="154" hits="2" branch="False" />
            <line number="155" hits="2" branch="False" />
            <line number="156" hits="2" branch="False" />
            <line number="159" hits="2" branch="False" />
            <line number="162" hits="2" branch="False" />
            <line number="163" hits="2" branch="False" />
            <line number="165" hits="1" branch="False" />
            <line number="167" hits="1" branch="False" />
            <line number="169" hits="1" branch="False" />
            <line number="170" hits="1" branch="False" />
            <line number="171" hits="1" branch="False" />
            <line number="172" hits="1" branch="False" />
            <line number="174" hits="0" branch="False" />
            <line number="175" hits="0" branch="False" />
            <line number="176" hits="0" branch="False" />
            <line number="177" hits="0" branch="False" />
            <line number="179" hits="0" branch="False" />
            <line number="180" hits="0" branch="False" />
            <line number="181" hits="0" branch="False" />
            <line number="182" hits="0" branch="False" />
            <line number="183" hits="0" branch="False" />
            <line number="185" hits="4" branch="False" />
          </lines>
        </class>
        <class name="FileStoringService.Controllers.FilesController/&lt;GetFileMetadata&gt;d__7" filename="Controllers/FilesController.cs" line-rate="1" branch-rate="1" complexity="1">
          <methods>
            <method name="MoveNext" signature="()" line-rate="1" branch-rate="1" complexity="1">
              <lines>
                <line number="200" hits="3" branch="False" />
                <line number="201" hits="3" branch="False" />
                <line number="204" hits="3" branch="False" />
                <line number="205" hits="3" branch="False" />
                <line number="207" hits="1" branch="False" />
                <line number="209" hits="1" branch="False" />
                <line number="211" hits="1" branch="False" />
                <line number="212" hits="1" branch="False" />
                <line number="213" hits="1" branch="False" />
                <line number="214" hits="1" branch="False" />
                <line number="216" hits="1" branch="False" />
                <line number="217" hits="1" branch="False" />
                <line number="218" hits="1" branch="False" />
                <line number="219" hits="1" branch="False" />
                <line number="220" hits="1" branch="False" />
                <line number="222" hits="3" branch="False" />
              </lines>
            </method>
          </methods>
          <lines>
            <line number="200" hits="3" branch="False" />
            <line number="201" hits="3" branch="False" />
            <line number="204" hits="3" branch="False" />
            <line number="205" hits="3" branch="False" />
            <line number="207" hits="1" branch="False" />
            <line number="209" hits="1" branch="False" />
            <line number="211" hits="1" branch="False" />
            <line number="212" hits="1" branch="False" />
            <line number="213" hits="1" branch="False" />
            <line number="214" hits="1" branch="False" />
            <line number="216" hits="1" branch="False" />
            <line number="217" hits="1" branch="False" />
            <line number="218" hits="1" branch="False" />
            <line number="219" hits="1" branch="False" />
            <line number="220" hits="1" branch="False" />
            <line number="222" hits="3" branch="False" />
          </lines>
        </class>
        <class name="FileStoringService.Controllers.FilesController/&lt;GetFiles&gt;d__5" filename="Controllers/FilesController.cs" line-rate="0.9229999999999999" branch-rate="1" complexity="1">
          <methods>
            <method name="MoveNext" signature="()" line-rate="0.9229999999999999" branch-rate="1" complexity="1">
              <lines>
                <line number="118" hits="2" branch="False" />
                <line number="119" hits="2" branch="False" />
                <line number="122" hits="2" branch="False" />
                <line number="123" hits="2" branch="False" />
                <line number="125" hits="2" branch="False" />
                <line number="126" hits="2" branch="False" />
                <line number="128" hits="0" branch="False" />
                <line number="130" hits="2" branch="False" />
                <line number="131" hits="2" branch="False" />
                <line number="132" hits="2" branch="False" />
                <line number="133" hits="2" branch="False" />
                <line number="134" hits="2" branch="False" />
                <line number="136" hits="2" branch="False" />
              </lines>
            </method>
          </methods>
          <lines>
            <line number="118" hits="2" branch="False" />
            <line number="119" hits="2" branch="False" />
            <line number="122" hits="2" branch="False" />
            <line number="123" hits="2" branch="False" />
            <line number="125" hits="2" branch="False" />
            <line number="126" hits="2" branch="False" />
            <line number="128" hits="0" branch="False" />
            <line number="130" hits="2" branch="False" />
            <line number="131" hits="2" branch="False" />
            <line number="132" hits="2" branch="False" />
            <line number="133" hits="2" branch="False" />
            <line number="134" hits="2" branch="False" />
            <line number="136" hits="2" branch="False" />
          </lines>
        </class>
        <class name="FileStoringService.Controllers.FilesController/&lt;UploadFile&gt;d__4" filename="Controllers/FilesController.cs" line-rate="0.38880000000000003" branch-rate="0.4285" complexity="14">
          <methods>
            <method name="MoveNext" signature="()" line-rate="0.38880000000000003" branch-rate="0.4285" complexity="14">
              <lines>
                <line number="54" hits="2" branch="False" />
                <line number="55" hits="2" branch="False" />
                <line number="56" hits="2" branch="True" condition-coverage="100% (2/2)">
                  <conditions>
                    <condition number="62" type="jump" coverage="100%" />
                  </conditions>
                </line>
                <line number="57" hits="1" branch="False" />
                <line number="58" hits="1" branch="False" />
                <line number="59" hits="1" branch="False" />
                <line number="62" hits="1" branch="True" condition-coverage="50% (2/4)">
                  <conditions>
                    <condition number="167" type="jump" coverage="50%" />
                    <condition number="188" type="jump" coverage="50%" />
                  </conditions>
                </line>
                <line number="63" hits="1" branch="False" />
                <line number="66" hits="1" branch="False" />
                <line number="67" hits="1" branch="True" condition-coverage="50% (2/4)">
                  <conditions>
                    <condition number="242" type="jump" coverage="50%" />
                    <condition number="266" type="jump" coverage="50%" />
                  </conditions>
                </line>
                <line number="68" hits="1" branch="False" />
                <line number="69" hits="1" branch="False" />
                <line number="70" hits="1" branch="False" />
                <line number="74" hits="0" branch="True" condition-coverage="0% (0/2)">
                  <conditions>
                    <condition number="357" type="jump" coverage="0%" />
                  </conditions>
                </line>
                <line number="75" hits="0" branch="False" />
                <line number="76" hits="0" branch="False" />
                <line number="77" hits="0" branch="False" />
                <line number="78" hits="0" branch="False" />
                <line number="82" hits="0" branch="True" condition-coverage="0% (0/2)">
                  <conditions>
                    <condition number="457" type="jump" coverage="0%" />
                  </conditions>
                </line>
                <line number="83" hits="0" branch="False" />
                <line number="84" hits="0" branch="False" />
                <line number="85" hits="0" branch="False" />
                <line number="88" hits="0" branch="False" />
                <line number="90" hits="0" branch="False" />
                <line number="91" hits="0" branch="False" />
                <line number="93" hits="0" branch="False" />
                <line number="95" hits="0" branch="False" />
                <line number="96" hits="0" branch="False" />
                <line number="97" hits="0" branch="False" />
                <line number="98" hits="0" branch="False" />
                <line number="100" hits="0" branch="False" />
                <line number="101" hits="0" branch="False" />
                <line number="102" hits="0" branch="False" />
                <line number="103" hits="0" branch="False" />
                <line number="104" hits="0" branch="False" />
                <line number="106" hits="2" branch="False" />
              </lines>
            </method>
          </methods>
          <lines>
            <line number="54" hits="2" branch="False" />
            <line number="55" hits="2" branch="False" />
            <line number="56" hits="2" branch="True" condition-coverage="100% (2/2)">
              <conditions>
                <condition number="62" type="jump" coverage="100%" />
              </conditions>
            </line>
            <line number="57" hits="1" branch="False" />
            <line number="58" hits="1" branch="False" />
            <line number="59" hits="1" branch="False" />
            <line number="62" hits="1" branch="True" condition-coverage="50% (2/4)">
              <conditions>
                <condition number="167" type="jump" coverage="50%" />
                <condition number="188" type="jump" coverage="50%" />
              </conditions>
            </line>
            <line number="63" hits="1" branch="False" />
            <line number="66" hits="1" branch="False" />
            <line number="67" hits="1" branch="True" condition-coverage="50% (2/4)">
              <conditions>
                <condition number="242" type="jump" coverage="50%" />
                <condition number="266" type="jump" coverage="50%" />
              </conditions>
            </line>
            <line number="68" hits="1" branch="False" />
            <line number="69" hits="1" branch="False" />
            <line number="70" hits="1" branch="False" />
            <line number="74" hits="0" branch="True" condition-coverage="0% (0/2)">
              <conditions>
                <condition number="357" type="jump" coverage="0%" />
              </conditions>
            </line>
            <line number="75" hits="0" branch="False" />
            <line number="76" hits="0" branch="False" />
            <line number="77" hits="0" branch="False" />
            <line number="78" hits="0" branch="False" />
            <line number="82" hits="0" branch="True" condition-coverage="0% (0/2)">
              <conditions>
                <condition number="457" type="jump" coverage="0%" />
              </conditions>
            </line>
            <line number="83" hits="0" branch="False" />
            <line number="84" hits="0" branch="False" />
            <line number="85" hits="0" branch="False" />
            <line number="88" hits="0" branch="False" />
            <line number="90" hits="0" branch="False" />
            <line number="91" hits="0" branch="False" />
            <line number="93" hits="0" branch="False" />
            <line number="95" hits="0" branch="False" />
            <line number="96" hits="0" branch="False" />
            <line number="97" hits="0" branch="False" />
            <line number="98" hits="0" branch="False" />
            <line number="100" hits="0" branch="False" />
            <line number="101" hits="0" branch="False" />
            <line number="102" hits="0" branch="False" />
            <line number="103" hits="0" branch="False" />
            <line number="104" hits="0" branch="False" />
            <line number="106" hits="2" branch="False" />
          </lines>
        </class>
      </classes>
    </package>
  </packages>
</coverage>